#
# There is insufficient memory for the Java Runtime Environment to continue.
# Native memory allocation (mmap) failed to map 4194304 bytes. Error detail: G1 virtual space
# Possible reasons:
#   The system is out of physical RAM or swap space
#   This process is running with CompressedOops enabled, and the Java Heap may be blocking the growth of the native heap
# Possible solutions:
#   Reduce memory load on the system
#   Increase physical memory or swap space
#   Check if swap backing store is full
#   Decrease Java heap size (-Xmx/-Xms)
#   Decrease number of Java threads
#   Decrease Java thread stack sizes (-Xss)
#   Set larger code cache with -XX:ReservedCodeCacheSize=
#   JVM is running with Unscaled Compressed Oops mode in which the Java heap is
#     placed in the first 4GB address space. The Java Heap base address is the
#     maximum limit for the native heap growth. Please use -XX:HeapBaseMinAddress
#     to set the Java Heap base and to place the Java Heap above 4GB virtual address.
# This output file may be truncated or incomplete.
#
#  Out of Memory Error (os_windows.cpp:3631), pid=20260, tid=8708
#
# JRE version: OpenJDK Runtime Environment (22.0+36) (build 22+36-2370)
# Java VM: OpenJDK 64-Bit Server VM (22+36-2370, mixed mode, emulated-client, sharing, tiered, compressed oops, compressed class ptrs, g1 gc, windows-amd64)
# No core dump will be written. Minidumps are not enabled by default on client versions of Windows
#

---------------  S U M M A R Y ------------

Command Line: -agentlib:jdwp=transport=dt_socket,address=127.0.0.1:50781,suspend=y,server=n -XX:TieredStopAtLevel=1 -Dspring.output.ansi.enabled=always -Dcom.sun.management.jmxremote -Dspring.jmx.enabled=true -Dspring.liveBeansView.mbeanDomain -Dspring.application.admin.enabled=true -Dmanagement.endpoints.jmx.exposure.include=* -javaagent:C:\Users\alexc\AppData\Local\JetBrains\IntelliJIdea2024.1\captureAgent\debugger-agent.jar -Dfile.encoding=UTF-8 -Dsun.stdout.encoding=UTF-8 -Dsun.stderr.encoding=UTF-8 com.example.msinstructor.MsInstructorApplication

Host: 11th Gen Intel(R) Core(TM) i5-1135G7 @ 2.40GHz, 8 cores, 7G,  Windows 11 , 64 bit Build 22621 (10.0.22621.3527)
Time: Wed Jun 12 00:13:42 2024 Hora est. Pacífico, Sudamérica elapsed time: 15.768907 seconds (0d 0h 0m 15s)

---------------  T H R E A D  ---------------

Current thread (0x0000028a48fd37b0):  VMThread "VM Thread"          [id=8708, stack(0x0000009db9800000,0x0000009db9900000) (1024K)]

Stack: [0x0000009db9800000,0x0000009db9900000]
Native frames: (J=compiled Java code, j=interpreted, Vv=VM code, C=native code)
V  [jvm.dll+0x6e2349]  (no source info available)
V  [jvm.dll+0x874ed3]  (no source info available)
V  [jvm.dll+0x8772fe]  (no source info available)
V  [jvm.dll+0x8779d3]  (no source info available)
V  [jvm.dll+0x27fcb6]  (no source info available)
V  [jvm.dll+0x6de9e5]  (no source info available)
V  [jvm.dll+0x6d34ea]  (no source info available)
V  [jvm.dll+0x35892a]  (no source info available)
V  [jvm.dll+0x360e56]  (no source info available)
V  [jvm.dll+0x3b3d7e]  (no source info available)
V  [jvm.dll+0x3b4028]  (no source info available)
V  [jvm.dll+0x32c4ec]  (no source info available)
V  [jvm.dll+0x32ee46]  (no source info available)
V  [jvm.dll+0x339111]  (no source info available)
V  [jvm.dll+0x3702b5]  (no source info available)
V  [jvm.dll+0x87d870]  (no source info available)
V  [jvm.dll+0x87ebf7]  (no source info available)
V  [jvm.dll+0x87f170]  (no source info available)
V  [jvm.dll+0x87f413]  (no source info available)
V  [jvm.dll+0x81d50b]  (no source info available)
V  [jvm.dll+0x6e09e5]  (no source info available)
C  [ucrtbase.dll+0x29333]  (no source info available)
C  [KERNEL32.DLL+0x1257d]  (no source info available)
C  [ntdll.dll+0x5aa48]  (no source info available)

VM_Operation (0x0000009db93ff720): G1PauseRemark, mode: safepoint, requested by thread 0x0000028a3b34d7b0


---------------  P R O C E S S  ---------------

Threads class SMR info:
_java_thread_list=0x0000028a93f12f40, length=41, elements={
0x0000028a3b2a3c40, 0x0000028a48fed700, 0x0000028a48fee230, 0x0000028a3b2fbcb0,
0x0000028a3b2fc340, 0x0000028a3b2fdd80, 0x0000028a3b2fc9d0, 0x0000028a4b9cfcd0,
0x0000028a3b2fd060, 0x0000028a4bb76f00, 0x0000028a4bb94670, 0x0000028a4bb98c90,
0x0000028a3b2fe410, 0x0000028a3b2fd6f0, 0x0000028a92309cf0, 0x0000028a92309660,
0x0000028a9230cae0, 0x0000028a914dd950, 0x0000028a92b7b070, 0x0000028a9230bdc0,
0x0000028a9230c450, 0x0000028a92305b50, 0x0000028a92307c20, 0x0000028a92308940,
0x0000028a9230d170, 0x0000028a92307590, 0x0000028a92306870, 0x0000028a9230a380,
0x0000028a9230b0a0, 0x0000028a9230b730, 0x0000028a92306f00, 0x0000028a3b2feaa0,
0x0000028a9499a650, 0x0000028a94998580, 0x0000028a94998c10, 0x0000028a9499d440,
0x0000028a9499dad0, 0x0000028a9499c090, 0x0000028a9499ace0, 0x0000028a9499cdb0,
0x0000028a94997860
}

Java Threads: ( => current thread )
  0x0000028a3b2a3c40 JavaThread "main"                              [_thread_blocked, id=6944, stack(0x0000009db9100000,0x0000009db9200000) (1024K)]
  0x0000028a48fed700 JavaThread "Reference Handler"          daemon [_thread_blocked, id=1828, stack(0x0000009db9900000,0x0000009db9a00000) (1024K)]
  0x0000028a48fee230 JavaThread "Finalizer"                  daemon [_thread_blocked, id=6908, stack(0x0000009db9a00000,0x0000009db9b00000) (1024K)]
  0x0000028a3b2fbcb0 JavaThread "Signal Dispatcher"          daemon [_thread_blocked, id=33400, stack(0x0000009db9b00000,0x0000009db9c00000) (1024K)]
  0x0000028a3b2fc340 JavaThread "Attach Listener"            daemon [_thread_blocked, id=29612, stack(0x0000009db9c00000,0x0000009db9d00000) (1024K)]
  0x0000028a3b2fdd80 JavaThread "Service Thread"             daemon [_thread_blocked, id=21468, stack(0x0000009db9d00000,0x0000009db9e00000) (1024K)]
  0x0000028a3b2fc9d0 JavaThread "Monitor Deflation Thread"   daemon [_thread_blocked, id=32372, stack(0x0000009db9e00000,0x0000009db9f00000) (1024K)]
  0x0000028a4b9cfcd0 JavaThread "C1 CompilerThread0"         daemon [_thread_blocked, id=28660, stack(0x0000009db9f00000,0x0000009dba000000) (1024K)]
  0x0000028a3b2fd060 JavaThread "Common-Cleaner"             daemon [_thread_blocked, id=29772, stack(0x0000009dba000000,0x0000009dba100000) (1024K)]
  0x0000028a4bb76f00 JavaThread "JDWP Transport Listener: dt_socket" daemon [_thread_blocked, id=23336, stack(0x0000009dba100000,0x0000009dba200000) (1024K)]
  0x0000028a4bb94670 JavaThread "JDWP Event Helper Thread"   daemon [_thread_blocked, id=24064, stack(0x0000009dba200000,0x0000009dba300000) (1024K)]
  0x0000028a4bb98c90 JavaThread "JDWP Command Reader"        daemon [_thread_in_native, id=27612, stack(0x0000009dba300000,0x0000009dba400000) (1024K)]
  0x0000028a3b2fe410 JavaThread "Notification Thread"        daemon [_thread_blocked, id=32356, stack(0x0000009dba400000,0x0000009dba500000) (1024K)]
  0x0000028a3b2fd6f0 JavaThread "RMI TCP Accept-0"           daemon [_thread_in_native, id=9184, stack(0x0000009dba600000,0x0000009dba700000) (1024K)]
  0x0000028a92309cf0 JavaThread "RMI TCP Connection(1)-192.168.100.36" daemon [_thread_in_native, id=14560, stack(0x0000009dbaf00000,0x0000009dbb000000) (1024K)]
  0x0000028a92309660 JavaThread "RMI Scheduler(0)"           daemon [_thread_blocked, id=14852, stack(0x0000009dbb000000,0x0000009dbb100000) (1024K)]
  0x0000028a9230cae0 JavaThread "Keep-Alive-Timer"           daemon [_thread_blocked, id=26084, stack(0x0000009dba500000,0x0000009dba600000) (1024K)]
  0x0000028a914dd950 JavaThread "C1 CompilerThread1"         daemon [_thread_blocked, id=18756, stack(0x0000009dbb100000,0x0000009dbb200000) (1024K)]
  0x0000028a92b7b070 JavaThread "C1 CompilerThread2"         daemon [_thread_blocked, id=15064, stack(0x0000009dbb200000,0x0000009dbb300000) (1024K)]
  0x0000028a9230bdc0 JavaThread "Catalina-utility-1"                [_thread_blocked, id=18556, stack(0x0000009dbb400000,0x0000009dbb500000) (1024K)]
  0x0000028a9230c450 JavaThread "Catalina-utility-2"                [_thread_blocked, id=31596, stack(0x0000009dbb500000,0x0000009dbb600000) (1024K)]
  0x0000028a92305b50 JavaThread "container-0"                       [_thread_blocked, id=8248, stack(0x0000009dbb600000,0x0000009dbb700000) (1024K)]
  0x0000028a92307c20 JavaThread "mysql-cj-abandoned-connection-cleanup" daemon [_thread_blocked, id=13856, stack(0x0000009dbb700000,0x0000009dbb800000) (1024K)]
  0x0000028a92308940 JavaThread "HikariPool-1 housekeeper"   daemon [_thread_blocked, id=23072, stack(0x0000009dbb800000,0x0000009dbb900000) (1024K)]
  0x0000028a9230d170 JavaThread "HikariPool-1 connection adder" daemon [_thread_blocked, id=30964, stack(0x0000009dbb900000,0x0000009dbba00000) (1024K)]
  0x0000028a92307590 JavaThread "RMI TCP Connection(2)-192.168.100.36" daemon [_thread_blocked, id=7668, stack(0x0000009dbbb00000,0x0000009dbbc00000) (1024K)]
  0x0000028a92306870 JavaThread "ClassGraph-worker-28"       daemon [_thread_blocked, id=14960, stack(0x0000009dbba00000,0x0000009dbbb00000) (1024K)]
  0x0000028a9230a380 JavaThread "ClassGraph-worker-29"       daemon [_thread_blocked, id=33296, stack(0x0000009dbbc00000,0x0000009dbbd00000) (1024K)]
  0x0000028a9230b0a0 JavaThread "ClassGraph-worker-30"       daemon [_thread_blocked, id=32056, stack(0x0000009dbbd00000,0x0000009dbbe00000) (1024K)]
  0x0000028a9230b730 JavaThread "ClassGraph-worker-31"       daemon [_thread_blocked, id=6964, stack(0x0000009dbbe00000,0x0000009dbbf00000) (1024K)]
  0x0000028a92306f00 JavaThread "ClassGraph-worker-32"       daemon [_thread_blocked, id=26268, stack(0x0000009dbbf00000,0x0000009dbc000000) (1024K)]
  0x0000028a3b2feaa0 JavaThread "ClassGraph-worker-33"       daemon [_thread_blocked, id=27832, stack(0x0000009dbc000000,0x0000009dbc100000) (1024K)]
  0x0000028a9499a650 JavaThread "ClassGraph-worker-34"       daemon [_thread_blocked, id=11584, stack(0x0000009dbc100000,0x0000009dbc200000) (1024K)]
  0x0000028a94998580 JavaThread "ClassGraph-worker-35"       daemon [_thread_blocked, id=11072, stack(0x0000009dbc200000,0x0000009dbc300000) (1024K)]
  0x0000028a94998c10 JavaThread "ClassGraph-worker-36"       daemon [_thread_blocked, id=21052, stack(0x0000009dbc300000,0x0000009dbc400000) (1024K)]
  0x0000028a9499d440 JavaThread "ClassGraph-worker-37"       daemon [_thread_blocked, id=1668, stack(0x0000009dbc400000,0x0000009dbc500000) (1024K)]
  0x0000028a9499dad0 JavaThread "ClassGraph-worker-38"       daemon [_thread_blocked, id=8548, stack(0x0000009dbc500000,0x0000009dbc600000) (1024K)]
  0x0000028a9499c090 JavaThread "ClassGraph-worker-39"       daemon [_thread_blocked, id=23260, stack(0x0000009dbc600000,0x0000009dbc700000) (1024K)]
  0x0000028a9499ace0 JavaThread "ClassGraph-worker-40"       daemon [_thread_blocked, id=17132, stack(0x0000009dbc700000,0x0000009dbc800000) (1024K)]
  0x0000028a9499cdb0 JavaThread "ClassGraph-worker-41"       daemon [_thread_blocked, id=13292, stack(0x0000009dbc800000,0x0000009dbc900000) (1024K)]
  0x0000028a94997860 JavaThread "JMX server connection timeout 109" daemon [_thread_blocked, id=11348, stack(0x0000009dbc900000,0x0000009dbca00000) (1024K)]
Total: 41

Other Threads:
=>0x0000028a48fd37b0 VMThread "VM Thread"                           [id=8708, stack(0x0000009db9800000,0x0000009db9900000) (1024K)]
  0x0000028a48fbac80 WatcherThread "VM Periodic Task Thread"        [id=28168, stack(0x0000009db9700000,0x0000009db9800000) (1024K)]
  0x0000028a3b2fa6c0 WorkerThread "GC Thread#0"                     [id=9188, stack(0x0000009db9200000,0x0000009db9300000) (1024K)]
  0x0000028a916086d0 WorkerThread "GC Thread#1"                     [id=7076, stack(0x0000009dba700000,0x0000009dba800000) (1024K)]
  0x0000028a91608a80 WorkerThread "GC Thread#2"                     [id=25200, stack(0x0000009dba800000,0x0000009dba900000) (1024K)]
  0x0000028a91620a30 WorkerThread "GC Thread#3"                     [id=21464, stack(0x0000009dba900000,0x0000009dbaa00000) (1024K)]
  0x0000028a91620de0 WorkerThread "GC Thread#4"                     [id=17304, stack(0x0000009dbaa00000,0x0000009dbab00000) (1024K)]
  0x0000028a91621190 WorkerThread "GC Thread#5"                     [id=21300, stack(0x0000009dbab00000,0x0000009dbac00000) (1024K)]
  0x0000028a91621540 WorkerThread "GC Thread#6"                     [id=5556, stack(0x0000009dbac00000,0x0000009dbad00000) (1024K)]
  0x0000028a91625900 WorkerThread "GC Thread#7"                     [id=25432, stack(0x0000009dbad00000,0x0000009dbae00000) (1024K)]
  0x0000028a3b34d7b0 ConcurrentGCThread "G1 Main Marker"            [id=12172, stack(0x0000009db9300000,0x0000009db9400000) (1024K)]
  0x0000028a3b34e2c0 WorkerThread "G1 Conc#0"                       [id=14080, stack(0x0000009db9400000,0x0000009db9500000) (1024K)]
  0x0000028a917b4270 WorkerThread "G1 Conc#1"                       [id=31140, stack(0x0000009dbb300000,0x0000009dbb400000) (1024K)]
  0x0000028a48e8cb30 ConcurrentGCThread "G1 Refine#0"               [id=28608, stack(0x0000009db9500000,0x0000009db9600000) (1024K)]
  0x0000028a48e8f2d0 ConcurrentGCThread "G1 Service"                [id=17156, stack(0x0000009db9600000,0x0000009db9700000) (1024K)]
Total: 15

Threads with active compile tasks:
Total: 0

VM state: at safepoint (normal execution)

VM Mutex/Monitor currently owned by a thread:  ([mutex/lock_event])
[0x00007fffee8fcbc8] Threads_lock - owner thread: 0x0000028a48fd37b0
[0x00007fffee8fccc8] Heap_lock - owner thread: 0x0000028a3b34d7b0

Heap address: 0x0000000083600000, size: 1994 MB, Compressed Oops mode: 32-bit

CDS archive(s) mapped at: [0x0000028a4c000000-0x0000028a4cc50000-0x0000028a4cc50000), size 12910592, SharedBaseAddress: 0x0000028a4c000000, ArchiveRelocationMode: 1.
Compressed class space mapped at: 0x0000028a4d000000-0x0000028a8d000000, reserved size: 1073741824
Narrow klass base: 0x0000028a4c000000, Narrow klass shift: 0, Narrow klass range: 0x41000000

GC Precious Log:
 CardTable entry size: 512
 Card Set container configuration: InlinePtr #cards 5 size 8 Array Of Cards #cards 12 size 40 Howl #buckets 4 coarsen threshold 1843 Howl Bitmap #cards 512 size 80 coarsen threshold 460 Card regions per heap region 1 cards per card region 2048
 CPUs: 8 total, 8 available
 Memory: 7975M
 Large Page Support: Disabled
 NUMA Support: Disabled
 Compressed Oops: Enabled (32-bit)
 Heap Region Size: 1M
 Heap Min Capacity: 8M
 Heap Initial Capacity: 126M
 Heap Max Capacity: 1994M
 Pre-touch: Disabled
 Parallel Workers: 8
 Concurrent Workers: 2
 Concurrent Refinement Workers: 8
 Periodic GC: Disabled

Heap:
 garbage-first heap   total reserved 2041856K, committed 77824K, used 65536K [0x0000000083600000, 0x0000000100000000)
  region size 1024K, 14 young (14336K), 3 survivors (3072K)
 Metaspace       used 70919K, committed 71680K, reserved 1114112K
  class space    used 10097K, committed 10432K, reserved 1048576K

Heap Regions: E=young(eden), S=young(survivor), O=old, HS=humongous(starts), HC=humongous(continues), CS=collection set, F=free, TAMS=top-at-mark-start, PB=parsable bottom
|   0|0x0000000083600000, 0x0000000083700000, 0x0000000083700000|100%|HS|  |TAMS 0x0000000083700000| PB 0x0000000083600000| Complete |  0
|   1|0x0000000083700000, 0x0000000083800000, 0x0000000083800000|100%| O|  |TAMS 0x0000000083800000| PB 0x0000000083800000| Untracked |  0
|   2|0x0000000083800000, 0x0000000083900000, 0x0000000083900000|100%| O|  |TAMS 0x0000000083900000| PB 0x0000000083900000| Untracked |  0
|   3|0x0000000083900000, 0x0000000083a00000, 0x0000000083a00000|100%| O|  |TAMS 0x0000000083a00000| PB 0x0000000083a00000| Untracked |  0
|   4|0x0000000083a00000, 0x0000000083b00000, 0x0000000083b00000|100%| O|  |TAMS 0x0000000083b00000| PB 0x0000000083b00000| Untracked |  0
|   5|0x0000000083b00000, 0x0000000083c00000, 0x0000000083c00000|100%| O|  |TAMS 0x0000000083c00000| PB 0x0000000083c00000| Untracked |  0
|   6|0x0000000083c00000, 0x0000000083d00000, 0x0000000083d00000|100%| O|  |TAMS 0x0000000083d00000| PB 0x0000000083d00000| Untracked |  0
|   7|0x0000000083d00000, 0x0000000083e00000, 0x0000000083e00000|100%| O|  |TAMS 0x0000000083e00000| PB 0x0000000083e00000| Updating |  0
|   8|0x0000000083e00000, 0x0000000083f00000, 0x0000000083f00000|100%| O|  |TAMS 0x0000000083f00000| PB 0x0000000083f00000| Untracked |  0
|   9|0x0000000083f00000, 0x0000000084000000, 0x0000000084000000|100%| O|  |TAMS 0x0000000084000000| PB 0x0000000084000000| Untracked |  0
|  10|0x0000000084000000, 0x0000000084100000, 0x0000000084100000|100%| O|  |TAMS 0x0000000084100000| PB 0x0000000084100000| Untracked |  0
|  11|0x0000000084100000, 0x0000000084200000, 0x0000000084200000|100%| O|  |TAMS 0x0000000084200000| PB 0x0000000084200000| Untracked |  0
|  12|0x0000000084200000, 0x0000000084300000, 0x0000000084300000|100%| O|  |TAMS 0x0000000084300000| PB 0x0000000084300000| Untracked |  0
|  13|0x0000000084300000, 0x0000000084400000, 0x0000000084400000|100%| O|  |TAMS 0x0000000084400000| PB 0x0000000084400000| Untracked |  0
|  14|0x0000000084400000, 0x0000000084500000, 0x0000000084500000|100%| O|  |TAMS 0x0000000084500000| PB 0x0000000084500000| Updating |  0
|  15|0x0000000084500000, 0x0000000084600000, 0x0000000084600000|100%| O|  |TAMS 0x0000000084500000| PB 0x0000000084500000| Untracked |  0
|  16|0x0000000084600000, 0x0000000084700000, 0x0000000084700000|100%| O|  |TAMS 0x0000000084700000| PB 0x0000000084700000| Updating |  0
|  17|0x0000000084700000, 0x0000000084800000, 0x0000000084800000|100%| O|  |TAMS 0x0000000084800000| PB 0x0000000084800000| Untracked |  0
|  18|0x0000000084800000, 0x0000000084900000, 0x0000000084900000|100%| O|  |TAMS 0x0000000084900000| PB 0x0000000084900000| Untracked |  0
|  19|0x0000000084900000, 0x0000000084a00000, 0x0000000084a00000|100%| O|  |TAMS 0x0000000084a00000| PB 0x0000000084a00000| Untracked |  0
|  20|0x0000000084a00000, 0x0000000084b00000, 0x0000000084b00000|100%| O|  |TAMS 0x0000000084b00000| PB 0x0000000084b00000| Untracked |  0
|  21|0x0000000084b00000, 0x0000000084c00000, 0x0000000084c00000|100%| O|  |TAMS 0x0000000084c00000| PB 0x0000000084c00000| Untracked |  0
|  22|0x0000000084c00000, 0x0000000084d00000, 0x0000000084d00000|100%| O|  |TAMS 0x0000000084d00000| PB 0x0000000084d00000| Untracked |  0
|  23|0x0000000084d00000, 0x0000000084e00000, 0x0000000084e00000|100%| O|  |TAMS 0x0000000084e00000| PB 0x0000000084e00000| Untracked |  0
|  24|0x0000000084e00000, 0x0000000084f00000, 0x0000000084f00000|100%| O|  |TAMS 0x0000000084f00000| PB 0x0000000084f00000| Updating |  0
|  25|0x0000000084f00000, 0x0000000085000000, 0x0000000085000000|100%| O|  |TAMS 0x0000000085000000| PB 0x0000000085000000| Updating |  0
|  26|0x0000000085000000, 0x0000000085100000, 0x0000000085100000|100%| O|  |TAMS 0x0000000085100000| PB 0x0000000085100000| Untracked |  0
|  27|0x0000000085100000, 0x0000000085200000, 0x0000000085200000|100%| O|  |TAMS 0x0000000085200000| PB 0x0000000085200000| Untracked |  0
|  28|0x0000000085200000, 0x0000000085300000, 0x0000000085300000|100%| O|  |TAMS 0x0000000085300000| PB 0x0000000085300000| Untracked |  0
|  29|0x0000000085300000, 0x0000000085400000, 0x0000000085400000|100%| O|  |TAMS 0x0000000085400000| PB 0x0000000085400000| Untracked |  0
|  30|0x0000000085400000, 0x0000000085500000, 0x0000000085500000|100%| O|  |TAMS 0x0000000085500000| PB 0x0000000085500000| Updating |  0
|  31|0x0000000085500000, 0x0000000085600000, 0x0000000085600000|100%| O|  |TAMS 0x0000000085600000| PB 0x0000000085600000| Untracked |  0
|  32|0x0000000085600000, 0x0000000085700000, 0x0000000085700000|100%| O|  |TAMS 0x0000000085700000| PB 0x0000000085700000| Untracked |  0
|  33|0x0000000085700000, 0x0000000085800000, 0x0000000085800000|100%| O|  |TAMS 0x0000000085800000| PB 0x0000000085800000| Untracked |  0
|  34|0x0000000085800000, 0x0000000085900000, 0x0000000085900000|100%| O|  |TAMS 0x0000000085900000| PB 0x0000000085900000| Untracked |  0
|  35|0x0000000085900000, 0x0000000085a00000, 0x0000000085a00000|100%| O|  |TAMS 0x0000000085a00000| PB 0x0000000085a00000| Untracked |  0
|  36|0x0000000085a00000, 0x0000000085b00000, 0x0000000085b00000|100%| O|  |TAMS 0x0000000085b00000| PB 0x0000000085b00000| Untracked |  0
|  37|0x0000000085b00000, 0x0000000085c00000, 0x0000000085c00000|100%| O|  |TAMS 0x0000000085c00000| PB 0x0000000085c00000| Untracked |  0
|  38|0x0000000085c00000, 0x0000000085d00000, 0x0000000085d00000|100%| O|  |TAMS 0x0000000085d00000| PB 0x0000000085d00000| Updating |  0
|  39|0x0000000085d00000, 0x0000000085e00000, 0x0000000085e00000|100%| O|  |TAMS 0x0000000085e00000| PB 0x0000000085e00000| Untracked |  0
|  40|0x0000000085e00000, 0x0000000085f00000, 0x0000000085f00000|100%| O|  |TAMS 0x0000000085f00000| PB 0x0000000085f00000| Untracked |  0
|  41|0x0000000085f00000, 0x0000000086000000, 0x0000000086000000|100%| O|  |TAMS 0x0000000085f00000| PB 0x0000000085f00000| Untracked |  0
|  42|0x0000000086000000, 0x0000000086100000, 0x0000000086100000|100%| O|  |TAMS 0x0000000086000000| PB 0x0000000086000000| Untracked |  0
|  43|0x0000000086100000, 0x0000000086200000, 0x0000000086200000|100%| O|  |TAMS 0x0000000086100000| PB 0x0000000086100000| Untracked |  0
|  44|0x0000000086200000, 0x0000000086300000, 0x0000000086300000|100%| O|  |TAMS 0x0000000086300000| PB 0x0000000086300000| Untracked |  0
|  45|0x0000000086300000, 0x0000000086400000, 0x0000000086400000|100%| O|  |TAMS 0x0000000086400000| PB 0x0000000086400000| Untracked |  0
|  46|0x0000000086400000, 0x0000000086500000, 0x0000000086500000|100%|HS|  |TAMS 0x0000000086400000| PB 0x0000000086400000| Complete |  1
|  47|0x0000000086500000, 0x0000000086600000, 0x0000000086600000|100%| O|  |TAMS 0x0000000086500000| PB 0x0000000086500000| Untracked |  0
|  48|0x0000000086600000, 0x0000000086700000, 0x0000000086700000|100%| O|  |TAMS 0x0000000086600000| PB 0x0000000086600000| Untracked |  0
|  49|0x0000000086700000, 0x0000000086700000, 0x0000000086800000|  0%| F|  |TAMS 0x0000000086700000| PB 0x0000000086700000| Untracked |  0
|  50|0x0000000086800000, 0x0000000086900000, 0x0000000086900000|100%| O|  |TAMS 0x0000000086800000| PB 0x0000000086800000| Untracked |  0
|  51|0x0000000086900000, 0x0000000086900000, 0x0000000086a00000|  0%| F|  |TAMS 0x0000000086900000| PB 0x0000000086900000| Untracked |  0
|  52|0x0000000086a00000, 0x0000000086a00000, 0x0000000086b00000|  0%| F|  |TAMS 0x0000000086a00000| PB 0x0000000086a00000| Untracked |  0
|  53|0x0000000086b00000, 0x0000000086b00000, 0x0000000086c00000|  0%| F|  |TAMS 0x0000000086b00000| PB 0x0000000086b00000| Untracked |  0
|  54|0x0000000086c00000, 0x0000000086d00000, 0x0000000086d00000|100%| S|CS|TAMS 0x0000000086c00000| PB 0x0000000086c00000| Complete |  0
|  55|0x0000000086d00000, 0x0000000086e00000, 0x0000000086e00000|100%| S|CS|TAMS 0x0000000086d00000| PB 0x0000000086d00000| Complete |  0
|  56|0x0000000086e00000, 0x0000000086f00000, 0x0000000086f00000|100%| S|CS|TAMS 0x0000000086e00000| PB 0x0000000086e00000| Complete |  0
|  57|0x0000000086f00000, 0x0000000086f00000, 0x0000000087000000|  0%| F|  |TAMS 0x0000000086f00000| PB 0x0000000086f00000| Untracked |  0
|  58|0x0000000087000000, 0x0000000087000000, 0x0000000087100000|  0%| F|  |TAMS 0x0000000087000000| PB 0x0000000087000000| Untracked |  0
|  59|0x0000000087100000, 0x0000000087100000, 0x0000000087200000|  0%| F|  |TAMS 0x0000000087100000| PB 0x0000000087100000| Untracked |  0
|  60|0x0000000087200000, 0x0000000087200000, 0x0000000087300000|  0%| F|  |TAMS 0x0000000087200000| PB 0x0000000087200000| Untracked |  0
|  61|0x0000000087300000, 0x0000000087300000, 0x0000000087400000|  0%| F|  |TAMS 0x0000000087300000| PB 0x0000000087300000| Untracked |  0
|  62|0x0000000087400000, 0x0000000087400000, 0x0000000087500000|  0%| F|  |TAMS 0x0000000087400000| PB 0x0000000087400000| Untracked |  0
|  63|0x0000000087500000, 0x0000000087535848, 0x0000000087600000| 20%| E|  |TAMS 0x0000000087500000| PB 0x0000000087500000| Complete |  0
|  64|0x0000000087600000, 0x0000000087700000, 0x0000000087700000|100%| E|CS|TAMS 0x0000000087600000| PB 0x0000000087600000| Complete |  1
|  65|0x0000000087700000, 0x0000000087800000, 0x0000000087800000|100%| E|CS|TAMS 0x0000000087700000| PB 0x0000000087700000| Complete |  0
|  66|0x0000000087800000, 0x0000000087900000, 0x0000000087900000|100%| E|CS|TAMS 0x0000000087800000| PB 0x0000000087800000| Complete |  0
|  67|0x0000000087900000, 0x0000000087a00000, 0x0000000087a00000|100%| E|CS|TAMS 0x0000000087900000| PB 0x0000000087900000| Complete |  0
|  72|0x0000000087e00000, 0x0000000087f00000, 0x0000000087f00000|100%| E|  |TAMS 0x0000000087e00000| PB 0x0000000087e00000| Complete |  0
|  73|0x0000000087f00000, 0x0000000088000000, 0x0000000088000000|100%| E|CS|TAMS 0x0000000087f00000| PB 0x0000000087f00000| Complete |  0
|  74|0x0000000088000000, 0x0000000088100000, 0x0000000088100000|100%| E|CS|TAMS 0x0000000088000000| PB 0x0000000088000000| Complete |  0
|  75|0x0000000088100000, 0x0000000088200000, 0x0000000088200000|100%| E|CS|TAMS 0x0000000088100000| PB 0x0000000088100000| Complete |  0
|  76|0x0000000088200000, 0x0000000088300000, 0x0000000088300000|100%| E|CS|TAMS 0x0000000088200000| PB 0x0000000088200000| Complete |  0
| 125|0x000000008b300000, 0x000000008b400000, 0x000000008b400000|100%| E|CS|TAMS 0x000000008b300000| PB 0x000000008b300000| Complete |  0
|1992|0x00000000ffe00000, 0x00000000fff00000, 0x00000000fff00000|100%| O|  |TAMS 0x00000000fff00000| PB 0x00000000fff00000| Updating |  0
|1993|0x00000000fff00000, 0x0000000100000000, 0x0000000100000000|100%| O|  |TAMS 0x0000000100000000| PB 0x0000000100000000| Updating |  0

Card table byte_map: [0x0000028a46ad0000,0x0000028a46ec0000] _byte_map_base: 0x0000028a466b5000

Marking Bits: (CMBitMap*) 0x0000028a3b2fb630
 Bits: [0x0000028a46ec0000, 0x0000028a48de8000)

Polling page: 0x0000028a391c0000

Metaspace:

Usage:
  Non-class:     59.40 MB used.
      Class:      9.86 MB used.
       Both:     69.26 MB used.

Virtual space:
  Non-class space:       64.00 MB reserved,      59.81 MB ( 93%) committed,  1 nodes.
      Class space:        1.00 GB reserved,      10.19 MB ( <1%) committed,  1 nodes.
             Both:        1.06 GB reserved,      70.00 MB (  6%) committed. 

Chunk freelists:
   Non-Class:  4.14 MB
       Class:  5.69 MB
        Both:  9.82 MB

MaxMetaspaceSize: unlimited
CompressedClassSpaceSize: 1.00 GB
Initial GC threshold: 21.00 MB
Current GC threshold: 115.12 MB
CDS: on
 - commit_granule_bytes: 65536.
 - commit_granule_words: 8192.
 - virtual_space_node_default_size: 8388608.
 - enlarge_chunks_in_place: 1.
 - use_allocation_guard: 0.


Internal statistics:

num_allocs_failed_limit: 11.
num_arena_births: 1026.
num_arena_deaths: 0.
num_vsnodes_births: 2.
num_vsnodes_deaths: 0.
num_space_committed: 1120.
num_space_uncommitted: 0.
num_chunks_returned_to_freelist: 11.
num_chunks_taken_from_freelist: 3407.
num_chunk_merges: 11.
num_chunk_splits: 2474.
num_chunks_enlarged: 1909.
num_inconsistent_stats: 0.

CodeCache: size=49152Kb used=12357Kb max_used=13138Kb free=36794Kb
 bounds [0x0000028a435d0000, 0x0000028a442b0000, 0x0000028a465d0000]
 total_blobs=6196 nmethods=5462 adapters=656
 compilation: enabled
              stopped_count=0, restarted_count=0
 full_count=0

Compilation events (20 events):
Event: 15.750 Thread 0x0000028a914dd950 6148   !   1       java.io.ObjectInputStream::filterCheck (359 bytes)
Event: 15.750 Thread 0x0000028a4b9cfcd0 6149       1       java.io.ObjectInputStream$BlockDataInputStream::getBytesRead (8 bytes)
Event: 15.750 Thread 0x0000028a92b7b070 6150       1       jdk.internal.event.DeserializationEvent::<init> (5 bytes)
Event: 15.750 Thread 0x0000028a92b7b070 nmethod 6150 0x0000028a4429f410 code [0x0000028a4429f5a0, 0x0000028a4429f668]
Event: 15.750 Thread 0x0000028a4b9cfcd0 nmethod 6149 0x0000028a4429f710 code [0x0000028a4429f8a0, 0x0000028a4429f978]
Event: 15.751 Thread 0x0000028a914dd950 nmethod 6148 0x0000028a4429fa10 code [0x0000028a4429fc40, 0x0000028a442a0230]
Event: 15.751 Thread 0x0000028a914dd950 6151       1       sun.nio.fs.WindowsChannelFactory::newFileChannel (130 bytes)
Event: 15.751 Thread 0x0000028a4b9cfcd0 6152       1       sun.nio.fs.WindowsChannelFactory$Flags::toFlags (320 bytes)
Event: 15.751 Thread 0x0000028a92b7b070 6153       1       sun.nio.fs.WindowsChannelFactory$Flags::<init> (20 bytes)
Event: 15.752 Thread 0x0000028a92b7b070 nmethod 6153 0x0000028a442a0a10 code [0x0000028a442a0ba0, 0x0000028a442a0c70]
Event: 15.752 Thread 0x0000028a92b7b070 6154   !   1       sun.nio.fs.WindowsChannelFactory::open (457 bytes)
Event: 15.752 Thread 0x0000028a914dd950 nmethod 6151 0x0000028a442a0d10 code [0x0000028a442a0f00, 0x0000028a442a12e0]
Event: 15.752 Thread 0x0000028a914dd950 6156       1       java.io.BufferedInputStream::getInIfOpen (21 bytes)
Event: 15.753 Thread 0x0000028a4b9cfcd0 nmethod 6152 0x0000028a442a1510 code [0x0000028a442a17e0, 0x0000028a442a23a8]
Event: 15.753 Thread 0x0000028a4b9cfcd0 6157       1       java.io.ObjectInputStream$BlockDataInputStream::read (138 bytes)
Event: 15.753 Thread 0x0000028a914dd950 nmethod 6156 0x0000028a442a2990 code [0x0000028a442a2b40, 0x0000028a442a2cc0]
Event: 15.753 Thread 0x0000028a4b9cfcd0 nmethod 6157 0x0000028a442a2d90 code [0x0000028a442a2f80, 0x0000028a442a33c8]
Event: 15.754 Thread 0x0000028a4b9cfcd0 6158       1       java.io.ObjectOutputStream::writeTypeString (40 bytes)
Event: 15.754 Thread 0x0000028a92b7b070 nmethod 6154 0x0000028a442a3590 code [0x0000028a442a37c0, 0x0000028a442a3e90]
Event: 15.754 Thread 0x0000028a4b9cfcd0 nmethod 6158 0x0000028a442a4290 code [0x0000028a442a4480, 0x0000028a442a46a8]

GC Heap History (20 events):
Event: 12.731 GC heap before
{Heap before GC invocations=12 (full 0):
 garbage-first heap   total reserved 2041856K, committed 61440K, used 53538K [0x0000000083600000, 0x0000000100000000)
  region size 1024K, 28 young (28672K), 2 survivors (2048K)
 Metaspace       used 54255K, committed 54848K, reserved 1114112K
  class space    used 7539K, committed 7808K, reserved 1048576K
}
Event: 12.735 GC heap after
{Heap after GC invocations=13 (full 0):
 garbage-first heap   total reserved 2041856K, committed 61440K, used 28724K [0x0000000083600000, 0x0000000100000000)
  region size 1024K, 4 young (4096K), 4 survivors (4096K)
 Metaspace       used 54255K, committed 54848K, reserved 1114112K
  class space    used 7539K, committed 7808K, reserved 1048576K
}
Event: 13.287 GC heap before
{Heap before GC invocations=13 (full 0):
 garbage-first heap   total reserved 2041856K, committed 61440K, used 48180K [0x0000000083600000, 0x0000000100000000)
  region size 1024K, 25 young (25600K), 4 survivors (4096K)
 Metaspace       used 59911K, committed 60480K, reserved 1114112K
  class space    used 8361K, committed 8640K, reserved 1048576K
}
Event: 13.291 GC heap after
{Heap after GC invocations=14 (full 0):
 garbage-first heap   total reserved 2041856K, committed 61440K, used 29868K [0x0000000083600000, 0x0000000100000000)
  region size 1024K, 4 young (4096K), 4 survivors (4096K)
 Metaspace       used 59911K, committed 60480K, reserved 1114112K
  class space    used 8361K, committed 8640K, reserved 1048576K
}
Event: 14.673 GC heap before
{Heap before GC invocations=15 (full 0):
 garbage-first heap   total reserved 2041856K, committed 61440K, used 52396K [0x0000000083600000, 0x0000000100000000)
  region size 1024K, 27 young (27648K), 4 survivors (4096K)
 Metaspace       used 64549K, committed 65216K, reserved 1114112K
  class space    used 9226K, committed 9536K, reserved 1048576K
}
Event: 14.676 GC heap after
{Heap after GC invocations=16 (full 0):
 garbage-first heap   total reserved 2041856K, committed 61440K, used 30904K [0x0000000083600000, 0x0000000100000000)
  region size 1024K, 3 young (3072K), 3 survivors (3072K)
 Metaspace       used 64549K, committed 65216K, reserved 1114112K
  class space    used 9226K, committed 9536K, reserved 1048576K
}
Event: 14.929 GC heap before
{Heap before GC invocations=16 (full 0):
 garbage-first heap   total reserved 2041856K, committed 61440K, used 53432K [0x0000000083600000, 0x0000000100000000)
  region size 1024K, 26 young (26624K), 3 survivors (3072K)
 Metaspace       used 67480K, committed 68096K, reserved 1114112K
  class space    used 9591K, committed 9856K, reserved 1048576K
}
Event: 14.933 GC heap after
{Heap after GC invocations=17 (full 0):
 garbage-first heap   total reserved 2041856K, committed 61440K, used 32404K [0x0000000083600000, 0x0000000100000000)
  region size 1024K, 4 young (4096K), 4 survivors (4096K)
 Metaspace       used 67480K, committed 68096K, reserved 1114112K
  class space    used 9591K, committed 9856K, reserved 1048576K
}
Event: 15.257 GC heap before
{Heap before GC invocations=17 (full 0):
 garbage-first heap   total reserved 2041856K, committed 61440K, used 53908K [0x0000000083600000, 0x0000000100000000)
  region size 1024K, 25 young (25600K), 4 survivors (4096K)
 Metaspace       used 69835K, committed 70528K, reserved 1114112K
  class space    used 9949K, committed 10240K, reserved 1048576K
}
Event: 15.261 GC heap after
{Heap after GC invocations=18 (full 0):
 garbage-first heap   total reserved 2041856K, committed 61440K, used 34329K [0x0000000083600000, 0x0000000100000000)
  region size 1024K, 4 young (4096K), 4 survivors (4096K)
 Metaspace       used 69835K, committed 70528K, reserved 1114112K
  class space    used 9949K, committed 10240K, reserved 1048576K
}
Event: 15.458 GC heap before
{Heap before GC invocations=19 (full 0):
 garbage-first heap   total reserved 2041856K, committed 61440K, used 53785K [0x0000000083600000, 0x0000000100000000)
  region size 1024K, 23 young (23552K), 4 survivors (4096K)
 Metaspace       used 70825K, committed 71552K, reserved 1114112K
  class space    used 10083K, committed 10368K, reserved 1048576K
}
Event: 15.464 GC heap after
{Heap after GC invocations=20 (full 0):
 garbage-first heap   total reserved 2041856K, committed 63488K, used 39071K [0x0000000083600000, 0x0000000100000000)
  region size 1024K, 3 young (3072K), 3 survivors (3072K)
 Metaspace       used 70825K, committed 71552K, reserved 1114112K
  class space    used 10083K, committed 10368K, reserved 1048576K
}
Event: 15.512 GC heap before
{Heap before GC invocations=20 (full 0):
 garbage-first heap   total reserved 2041856K, committed 63488K, used 54431K [0x0000000083600000, 0x0000000100000000)
  region size 1024K, 19 young (19456K), 3 survivors (3072K)
 Metaspace       used 70825K, committed 71552K, reserved 1114112K
  class space    used 10083K, committed 10368K, reserved 1048576K
}
Event: 15.516 GC heap after
{Heap after GC invocations=21 (full 0):
 garbage-first heap   total reserved 2041856K, committed 76800K, used 41399K [0x0000000083600000, 0x0000000100000000)
  region size 1024K, 3 young (3072K), 3 survivors (3072K)
 Metaspace       used 70825K, committed 71552K, reserved 1114112K
  class space    used 10083K, committed 10368K, reserved 1048576K
}
Event: 15.590 GC heap before
{Heap before GC invocations=21 (full 0):
 garbage-first heap   total reserved 2041856K, committed 76800K, used 65975K [0x0000000083600000, 0x0000000100000000)
  region size 1024K, 27 young (27648K), 3 survivors (3072K)
 Metaspace       used 70838K, committed 71552K, reserved 1114112K
  class space    used 10085K, committed 10368K, reserved 1048576K
}
Event: 15.597 GC heap after
{Heap after GC invocations=22 (full 0):
 garbage-first heap   total reserved 2041856K, committed 77824K, used 49152K [0x0000000083600000, 0x0000000100000000)
  region size 1024K, 4 young (4096K), 4 survivors (4096K)
 Metaspace       used 70838K, committed 71552K, reserved 1114112K
  class space    used 10085K, committed 10368K, reserved 1048576K
}
Event: 15.674 GC heap before
{Heap before GC invocations=22 (full 0):
 garbage-first heap   total reserved 2041856K, committed 77824K, used 58368K [0x0000000083600000, 0x0000000100000000)
  region size 1024K, 15 young (15360K), 4 survivors (4096K)
 Metaspace       used 70919K, committed 71680K, reserved 1114112K
  class space    used 10097K, committed 10432K, reserved 1048576K
}
Event: 15.678 GC heap after
{Heap after GC invocations=23 (full 0):
 garbage-first heap   total reserved 2041856K, committed 77824K, used 52771K [0x0000000083600000, 0x0000000100000000)
  region size 1024K, 3 young (3072K), 3 survivors (3072K)
 Metaspace       used 70919K, committed 71680K, reserved 1114112K
  class space    used 10097K, committed 10432K, reserved 1048576K
}
Event: 15.709 GC heap before
{Heap before GC invocations=23 (full 0):
 garbage-first heap   total reserved 2041856K, committed 77824K, used 67107K [0x0000000083600000, 0x0000000100000000)
  region size 1024K, 17 young (17408K), 3 survivors (3072K)
 Metaspace       used 70919K, committed 71680K, reserved 1114112K
  class space    used 10097K, committed 10432K, reserved 1048576K
}
Event: 15.712 GC heap after
{Heap after GC invocations=24 (full 0):
 garbage-first heap   total reserved 2041856K, committed 77824K, used 55296K [0x0000000083600000, 0x0000000100000000)
  region size 1024K, 3 young (3072K), 3 survivors (3072K)
 Metaspace       used 70919K, committed 71680K, reserved 1114112K
  class space    used 10097K, committed 10432K, reserved 1048576K
}

Dll operation events (13 events):
Event: 0.019 Loaded shared library C:\Users\alexc\.jdks\openjdk-22\bin\java.dll
Event: 0.021 Loaded shared library C:\Users\alexc\.jdks\openjdk-22\bin\zip.dll
Event: 0.803 Loaded shared library C:\Users\alexc\.jdks\openjdk-22\bin\instrument.dll
Event: 1.198 Loaded shared library C:\Users\alexc\.jdks\openjdk-22\bin\net.dll
Event: 1.200 Loaded shared library C:\Users\alexc\.jdks\openjdk-22\bin\nio.dll
Event: 1.209 Loaded shared library C:\Users\alexc\.jdks\openjdk-22\bin\zip.dll
Event: 1.812 Loaded shared library C:\Users\alexc\.jdks\openjdk-22\bin\jimage.dll
Event: 2.221 Loaded shared library C:\Users\alexc\.jdks\openjdk-22\bin\management.dll
Event: 2.251 Loaded shared library C:\Users\alexc\.jdks\openjdk-22\bin\management_ext.dll
Event: 3.360 Loaded shared library C:\Users\alexc\.jdks\openjdk-22\bin\extnet.dll
Event: 10.601 Loaded shared library C:\Users\alexc\.jdks\openjdk-22\bin\le.dll
Event: 10.844 Loaded shared library C:\Users\alexc\.jdks\openjdk-22\bin\sunmscapi.dll
Event: 11.376 Loaded shared library C:\Users\alexc\.jdks\openjdk-22\bin\verify.dll

Deoptimization events (20 events):
Event: 15.653 Thread 0x0000028a9230a380 DEOPT PACKING pc=0x0000028a441ff5e4 sp=0x0000009dbbcfe960
Event: 15.653 Thread 0x0000028a9230a380 DEOPT UNPACKING pc=0x0000028a436288e2 sp=0x0000009dbbcfde30 mode 1
Event: 15.653 Thread 0x0000028a9230a380 DEOPT PACKING pc=0x0000028a441ff5e4 sp=0x0000009dbbcfe960
Event: 15.653 Thread 0x0000028a9230a380 DEOPT UNPACKING pc=0x0000028a436288e2 sp=0x0000009dbbcfde30 mode 1
Event: 15.653 Thread 0x0000028a9230a380 DEOPT PACKING pc=0x0000028a441ff5e4 sp=0x0000009dbbcfe960
Event: 15.653 Thread 0x0000028a9230a380 DEOPT UNPACKING pc=0x0000028a436288e2 sp=0x0000009dbbcfde30 mode 1
Event: 15.653 Thread 0x0000028a9230a380 DEOPT PACKING pc=0x0000028a441ff5e4 sp=0x0000009dbbcfe960
Event: 15.654 Thread 0x0000028a9230a380 DEOPT UNPACKING pc=0x0000028a436288e2 sp=0x0000009dbbcfde30 mode 1
Event: 15.654 Thread 0x0000028a9230a380 DEOPT PACKING pc=0x0000028a441ff5e4 sp=0x0000009dbbcfe960
Event: 15.654 Thread 0x0000028a9230a380 DEOPT UNPACKING pc=0x0000028a436288e2 sp=0x0000009dbbcfde30 mode 1
Event: 15.654 Thread 0x0000028a9230a380 DEOPT PACKING pc=0x0000028a441ff5e4 sp=0x0000009dbbcfe960
Event: 15.654 Thread 0x0000028a9230a380 DEOPT UNPACKING pc=0x0000028a436288e2 sp=0x0000009dbbcfde30 mode 1
Event: 15.654 Thread 0x0000028a9230a380 DEOPT PACKING pc=0x0000028a441ff5e4 sp=0x0000009dbbcfe960
Event: 15.654 Thread 0x0000028a9230a380 DEOPT UNPACKING pc=0x0000028a436288e2 sp=0x0000009dbbcfde30 mode 1
Event: 15.654 Thread 0x0000028a9230a380 DEOPT PACKING pc=0x0000028a441ff5e4 sp=0x0000009dbbcfe960
Event: 15.654 Thread 0x0000028a9230a380 DEOPT UNPACKING pc=0x0000028a436288e2 sp=0x0000009dbbcfde30 mode 1
Event: 15.753 Thread 0x0000028a92307590 DEOPT PACKING pc=0x0000028a43f9c2f4 sp=0x0000009dbbbfe730
Event: 15.753 Thread 0x0000028a92307590 DEOPT UNPACKING pc=0x0000028a436288e2 sp=0x0000009dbbbfdc20 mode 1
Event: 15.753 Thread 0x0000028a92307590 DEOPT PACKING pc=0x0000028a43faedf4 sp=0x0000009dbbbfe8d0
Event: 15.753 Thread 0x0000028a92307590 DEOPT UNPACKING pc=0x0000028a436288e2 sp=0x0000009dbbbfddc0 mode 1

Classes loaded (20 events):
Event: 15.616 Loading class io/github/classgraph/Resource
Event: 15.616 Loading class io/github/classgraph/Resource done
Event: 15.625 Loading class org/webjars/MavenProperties
Event: 15.625 Loading class org/webjars/MavenProperties done
Event: 15.626 Loading class org/webjars/WebJarAssetLocator$WebJarInfo
Event: 15.626 Loading class org/webjars/WebJarAssetLocator$WebJarInfo done
Event: 15.627 Loading class org/webjars/MavenProperties
Event: 15.627 Loading class org/webjars/MavenProperties done
Event: 15.630 Loading class org/springframework/web/servlet/resource/PathResourceResolver
Event: 15.630 Loading class org/springframework/web/servlet/resource/PathResourceResolver done
Event: 15.631 Loading class org/springframework/web/servlet/resource/DefaultResourceResolverChain
Event: 15.631 Loading class org/springframework/web/servlet/resource/DefaultResourceResolverChain done
Event: 15.632 Loading class org/springframework/web/servlet/resource/DefaultResourceTransformerChain
Event: 15.632 Loading class org/springframework/web/servlet/resource/DefaultResourceTransformerChain done
Event: 15.632 Loading class org/springframework/web/servlet/resource/ResourceHttpRequestHandler
Event: 15.632 Loading class org/springframework/web/servlet/resource/ResourceHttpRequestHandler done
Event: 15.632 Loading class org/springframework/http/MediaType
Event: 15.632 Loading class org/springframework/http/MediaType done
Event: 15.632 Loading class org/springframework/http/MediaType
Event: 15.632 Loading class org/springframework/http/MediaType done

Classes unloaded (0 events):
No events

Classes redefined (0 events):
No events

Internal exceptions (20 events):
Event: 15.652 Thread 0x0000028a9230a380 Exception <a 'sun/nio/fs/WindowsException'{0x00000000880bceb0}> (0x00000000880bceb0) 
thrown [s\open\src\hotspot\share\prims\jni.cpp, line 520]
Event: 15.652 Thread 0x0000028a9230a380 Exception <a 'sun/nio/fs/WindowsException'{0x00000000880bd1d0}> (0x00000000880bd1d0) 
thrown [s\open\src\hotspot\share\prims\jni.cpp, line 520]
Event: 15.653 Thread 0x0000028a9230a380 Exception <a 'sun/nio/fs/WindowsException'{0x00000000880bdb70}> (0x00000000880bdb70) 
thrown [s\open\src\hotspot\share\prims\jni.cpp, line 520]
Event: 15.653 Thread 0x0000028a9230a380 Exception <a 'sun/nio/fs/WindowsException'{0x00000000880bdec8}> (0x00000000880bdec8) 
thrown [s\open\src\hotspot\share\prims\jni.cpp, line 520]
Event: 15.653 Thread 0x0000028a9230a380 Exception <a 'sun/nio/fs/WindowsException'{0x00000000880be840}> (0x00000000880be840) 
thrown [s\open\src\hotspot\share\prims\jni.cpp, line 520]
Event: 15.653 Thread 0x0000028a9230a380 Exception <a 'sun/nio/fs/WindowsException'{0x00000000880beb68}> (0x00000000880beb68) 
thrown [s\open\src\hotspot\share\prims\jni.cpp, line 520]
Event: 15.653 Thread 0x0000028a9230a380 Exception <a 'sun/nio/fs/WindowsException'{0x00000000880dc600}> (0x00000000880dc600) 
thrown [s\open\src\hotspot\share\prims\jni.cpp, line 520]
Event: 15.653 Thread 0x0000028a9230a380 Exception <a 'sun/nio/fs/WindowsException'{0x00000000880dc8f0}> (0x00000000880dc8f0) 
thrown [s\open\src\hotspot\share\prims\jni.cpp, line 520]
Event: 15.653 Thread 0x0000028a9230a380 Exception <a 'sun/nio/fs/WindowsException'{0x00000000880dd248}> (0x00000000880dd248) 
thrown [s\open\src\hotspot\share\prims\jni.cpp, line 520]
Event: 15.653 Thread 0x0000028a9230a380 Exception <a 'sun/nio/fs/WindowsException'{0x00000000880dd548}> (0x00000000880dd548) 
thrown [s\open\src\hotspot\share\prims\jni.cpp, line 520]
Event: 15.653 Thread 0x0000028a9230a380 Exception <a 'sun/nio/fs/WindowsException'{0x00000000880dde98}> (0x00000000880dde98) 
thrown [s\open\src\hotspot\share\prims\jni.cpp, line 520]
Event: 15.653 Thread 0x0000028a9230a380 Exception <a 'sun/nio/fs/WindowsException'{0x00000000880de190}> (0x00000000880de190) 
thrown [s\open\src\hotspot\share\prims\jni.cpp, line 520]
Event: 15.654 Thread 0x0000028a9230a380 Exception <a 'sun/nio/fs/WindowsException'{0x00000000880deae8}> (0x00000000880deae8) 
thrown [s\open\src\hotspot\share\prims\jni.cpp, line 520]
Event: 15.654 Thread 0x0000028a9230a380 Exception <a 'sun/nio/fs/WindowsException'{0x00000000880dede8}> (0x00000000880dede8) 
thrown [s\open\src\hotspot\share\prims\jni.cpp, line 520]
Event: 15.654 Thread 0x0000028a9230a380 Exception <a 'sun/nio/fs/WindowsException'{0x00000000880df760}> (0x00000000880df760) 
thrown [s\open\src\hotspot\share\prims\jni.cpp, line 520]
Event: 15.654 Thread 0x0000028a9230a380 Exception <a 'sun/nio/fs/WindowsException'{0x00000000880dfa88}> (0x00000000880dfa88) 
thrown [s\open\src\hotspot\share\prims\jni.cpp, line 520]
Event: 15.654 Thread 0x0000028a9230a380 Exception <a 'sun/nio/fs/WindowsException'{0x00000000880e0410}> (0x00000000880e0410) 
thrown [s\open\src\hotspot\share\prims\jni.cpp, line 520]
Event: 15.654 Thread 0x0000028a9230a380 Exception <a 'sun/nio/fs/WindowsException'{0x00000000880e0750}> (0x00000000880e0750) 
thrown [s\open\src\hotspot\share\prims\jni.cpp, line 520]
Event: 15.654 Thread 0x0000028a9230a380 Exception <a 'sun/nio/fs/WindowsException'{0x00000000880e10d0}> (0x00000000880e10d0) 
thrown [s\open\src\hotspot\share\prims\jni.cpp, line 520]
Event: 15.654 Thread 0x0000028a9230a380 Exception <a 'sun/nio/fs/WindowsException'{0x00000000880e1400}> (0x00000000880e1400) 
thrown [s\open\src\hotspot\share\prims\jni.cpp, line 520]

ZGC Phase Switch (0 events):
No events

VM Operations (20 events):
Event: 15.271 Executing VM operation: HandshakeAllThreads (Deoptimize) done
Event: 15.272 Executing VM operation: HandshakeAllThreads (Deoptimize)
Event: 15.272 Executing VM operation: HandshakeAllThreads (Deoptimize) done
Event: 15.285 Executing VM operation: G1PauseRemark
Event: 15.287 Executing VM operation: G1PauseRemark done
Event: 15.305 Executing VM operation: G1PauseCleanup
Event: 15.305 Executing VM operation: G1PauseCleanup done
Event: 15.458 Executing VM operation: G1CollectForAllocation (G1 Evacuation Pause)
Event: 15.464 Executing VM operation: G1CollectForAllocation (G1 Evacuation Pause) done
Event: 15.511 Executing VM operation: G1CollectForAllocation (G1 Evacuation Pause)
Event: 15.516 Executing VM operation: G1CollectForAllocation (G1 Evacuation Pause) done
Event: 15.590 Executing VM operation: G1CollectForAllocation (G1 Evacuation Pause)
Event: 15.597 Executing VM operation: G1CollectForAllocation (G1 Evacuation Pause) done
Event: 15.614 Executing VM operation: HandshakeAllThreads (Deoptimize)
Event: 15.614 Executing VM operation: HandshakeAllThreads (Deoptimize) done
Event: 15.673 Executing VM operation: G1TryInitiateConcMark (G1 Humongous Allocation)
Event: 15.678 Executing VM operation: G1TryInitiateConcMark (G1 Humongous Allocation) done
Event: 15.709 Executing VM operation: G1CollectForAllocation (G1 Evacuation Pause)
Event: 15.712 Executing VM operation: G1CollectForAllocation (G1 Evacuation Pause) done
Event: 15.754 Executing VM operation: G1PauseRemark

Events (20 events):
Event: 15.763 Thread 0x0000028a48fd37b0 flushing nmethod 0x0000028a4398da10
Event: 15.763 Thread 0x0000028a48fd37b0 flushing nmethod 0x0000028a43a2f510
Event: 15.763 Thread 0x0000028a48fd37b0 flushing nmethod 0x0000028a43a5b410
Event: 15.763 Thread 0x0000028a48fd37b0 flushing nmethod 0x0000028a43aa3290
Event: 15.763 Thread 0x0000028a48fd37b0 flushing nmethod 0x0000028a43aa4010
Event: 15.763 Thread 0x0000028a48fd37b0 flushing nmethod 0x0000028a43b05f90
Event: 15.763 Thread 0x0000028a48fd37b0 flushing nmethod 0x0000028a43b30090
Event: 15.763 Thread 0x0000028a48fd37b0 flushing nmethod 0x0000028a43b30b10
Event: 15.763 Thread 0x0000028a48fd37b0 flushing nmethod 0x0000028a43b30f90
Event: 15.763 Thread 0x0000028a48fd37b0 flushing nmethod 0x0000028a43b31f90
Event: 15.763 Thread 0x0000028a48fd37b0 flushing nmethod 0x0000028a43b32310
Event: 15.763 Thread 0x0000028a48fd37b0 flushing nmethod 0x0000028a43b33c10
Event: 15.763 Thread 0x0000028a48fd37b0 flushing nmethod 0x0000028a43b34290
Event: 15.763 Thread 0x0000028a48fd37b0 flushing nmethod 0x0000028a43b34710
Event: 15.763 Thread 0x0000028a48fd37b0 flushing nmethod 0x0000028a43b70a10
Event: 15.763 Thread 0x0000028a48fd37b0 flushing nmethod 0x0000028a43b70d10
Event: 15.763 Thread 0x0000028a48fd37b0 flushing nmethod 0x0000028a43b72e90
Event: 15.763 Thread 0x0000028a48fd37b0 flushing nmethod 0x0000028a43d74b10
Event: 15.763 Thread 0x0000028a48fd37b0 flushing nmethod 0x0000028a43f8b010
Event: 15.763 Thread 0x0000028a48fd37b0 flushing nmethod 0x0000028a44173210


Dynamic libraries:
0x00007ff7a8650000 - 0x00007ff7a865e000 	C:\Users\alexc\.jdks\openjdk-22\bin\java.exe
0x00007ff873430000 - 0x00007ff873647000 	C:\Windows\SYSTEM32\ntdll.dll
0x00007ff871f30000 - 0x00007ff871ff4000 	C:\Windows\System32\KERNEL32.DLL
0x00007ff870b70000 - 0x00007ff870f17000 	C:\Windows\System32\KERNELBASE.dll
0x00007ff870fc0000 - 0x00007ff8710d1000 	C:\Windows\System32\ucrtbase.dll
0x00007ff8538c0000 - 0x00007ff8538db000 	C:\Users\alexc\.jdks\openjdk-22\bin\VCRUNTIME140.dll
0x00007ff85db70000 - 0x00007ff85db87000 	C:\Users\alexc\.jdks\openjdk-22\bin\jli.dll
0x00007ff8727c0000 - 0x00007ff87296e000 	C:\Windows\System32\USER32.dll
0x00007ff8709e0000 - 0x00007ff870a06000 	C:\Windows\System32\win32u.dll
0x00007ff872540000 - 0x00007ff872569000 	C:\Windows\System32\GDI32.dll
0x00007ff8708c0000 - 0x00007ff8709d9000 	C:\Windows\System32\gdi32full.dll
0x00007ff870ad0000 - 0x00007ff870b6a000 	C:\Windows\System32\msvcp_win.dll
0x00007ff847980000 - 0x00007ff847c13000 	C:\Windows\WinSxS\amd64_microsoft.windows.common-controls_6595b64144ccf1df_6.0.22621.3527_none_270e469b73872a76\COMCTL32.dll
0x00007ff872970000 - 0x00007ff872a17000 	C:\Windows\System32\msvcrt.dll
0x00007ff8721b0000 - 0x00007ff8721e1000 	C:\Windows\System32\IMM32.DLL
0x00007ff869b50000 - 0x00007ff869b5c000 	C:\Users\alexc\.jdks\openjdk-22\bin\vcruntime140_1.dll
0x00007ff828e00000 - 0x00007ff828e8e000 	C:\Users\alexc\.jdks\openjdk-22\bin\msvcp140.dll
0x00007fffedc90000 - 0x00007fffee9d8000 	C:\Users\alexc\.jdks\openjdk-22\bin\server\jvm.dll
0x00007ff872570000 - 0x00007ff872622000 	C:\Windows\System32\ADVAPI32.dll
0x00007ff872000000 - 0x00007ff8720a8000 	C:\Windows\System32\sechost.dll
0x00007ff870f90000 - 0x00007ff870fb8000 	C:\Windows\System32\bcrypt.dll
0x00007ff873250000 - 0x00007ff873365000 	C:\Windows\System32\RPCRT4.dll
0x00007ff872a30000 - 0x00007ff872aa1000 	C:\Windows\System32\WS2_32.dll
0x00007ff870630000 - 0x00007ff87067d000 	C:\Windows\SYSTEM32\POWRPROF.dll
0x00007ff864e80000 - 0x00007ff864eb4000 	C:\Windows\SYSTEM32\WINMM.dll
0x00007ff867fc0000 - 0x00007ff867fca000 	C:\Windows\SYSTEM32\VERSION.dll
0x00007ff870610000 - 0x00007ff870623000 	C:\Windows\SYSTEM32\UMPDC.dll
0x00007ff86f770000 - 0x00007ff86f788000 	C:\Windows\SYSTEM32\kernel.appcore.dll
0x00007ff867de0000 - 0x00007ff867dea000 	C:\Users\alexc\.jdks\openjdk-22\bin\jimage.dll
0x00007ff86ebb0000 - 0x00007ff86ede2000 	C:\Windows\SYSTEM32\DBGHELP.DLL
0x00007ff871160000 - 0x00007ff8714e8000 	C:\Windows\System32\combase.dll
0x00007ff873150000 - 0x00007ff873227000 	C:\Windows\System32\OLEAUT32.dll
0x00007ff847790000 - 0x00007ff8477c2000 	C:\Windows\SYSTEM32\dbgcore.DLL
0x00007ff8710e0000 - 0x00007ff871159000 	C:\Windows\System32\bcryptPrimitives.dll
0x00007ff8438e0000 - 0x00007ff84391c000 	C:\Users\alexc\.jdks\openjdk-22\bin\jdwp.dll
0x00007ff860400000 - 0x00007ff86040f000 	C:\Users\alexc\.jdks\openjdk-22\bin\instrument.dll
0x00007ff852b50000 - 0x00007ff852b6e000 	C:\Users\alexc\.jdks\openjdk-22\bin\java.dll
0x00007ff871570000 - 0x00007ff871dcc000 	C:\Windows\System32\SHELL32.dll
0x00007ff872fa0000 - 0x00007ff873145000 	C:\Windows\System32\ole32.dll
0x00007ff849950000 - 0x00007ff849967000 	C:\Users\alexc\.jdks\openjdk-22\bin\zip.dll
0x00007ff86e1a0000 - 0x00007ff86ea96000 	C:\Windows\SYSTEM32\windows.storage.dll
0x00007ff86dfb0000 - 0x00007ff86e0ee000 	C:\Windows\SYSTEM32\wintypes.dll
0x00007ff8720b0000 - 0x00007ff8721a5000 	C:\Windows\System32\SHCORE.dll
0x00007ff873390000 - 0x00007ff8733ee000 	C:\Windows\System32\shlwapi.dll
0x00007ff870680000 - 0x00007ff8706a1000 	C:\Windows\SYSTEM32\profapi.dll
0x00007ff842e20000 - 0x00007ff842e2c000 	C:\Users\alexc\.jdks\openjdk-22\bin\dt_socket.dll
0x00007ff86ee20000 - 0x00007ff86ee4d000 	C:\Windows\SYSTEM32\IPHLPAPI.DLL
0x00007ff86fbe0000 - 0x00007ff86fc49000 	C:\Windows\system32\mswsock.dll
0x00007ff867d30000 - 0x00007ff867d40000 	C:\Users\alexc\.jdks\openjdk-22\bin\net.dll
0x00007ff849c30000 - 0x00007ff849c46000 	C:\Users\alexc\.jdks\openjdk-22\bin\nio.dll
0x00007ff86f1e0000 - 0x00007ff86f2d8000 	C:\Windows\SYSTEM32\DNSAPI.dll
0x00007ff872f90000 - 0x00007ff872f99000 	C:\Windows\System32\NSI.dll
0x00007ff864040000 - 0x00007ff86404a000 	C:\Windows\System32\rasadhlp.dll
0x00007ff864490000 - 0x00007ff864513000 	C:\Windows\System32\fwpuclnt.dll
0x00007ff869b70000 - 0x00007ff869b7a000 	C:\Users\alexc\.jdks\openjdk-22\bin\management.dll
0x00007ff869b60000 - 0x00007ff869b6b000 	C:\Users\alexc\.jdks\openjdk-22\bin\management_ext.dll
0x00007ff872a20000 - 0x00007ff872a28000 	C:\Windows\System32\PSAPI.DLL
0x00007ff86fe40000 - 0x00007ff86fe5b000 	C:\Windows\SYSTEM32\CRYPTSP.dll
0x00007ff86f6d0000 - 0x00007ff86f705000 	C:\Windows\system32\rsaenh.dll
0x00007ff86fce0000 - 0x00007ff86fd08000 	C:\Windows\SYSTEM32\USERENV.dll
0x00007ff86fe60000 - 0x00007ff86fe6c000 	C:\Windows\SYSTEM32\CRYPTBASE.dll
0x00007ff8531b0000 - 0x00007ff8531c7000 	C:\Windows\system32\napinsp.dll
0x00007ff853c50000 - 0x00007ff853c6b000 	C:\Windows\system32\pnrpnsp.dll
0x00007ff853bf0000 - 0x00007ff853c01000 	C:\Windows\System32\winrnr.dll
0x00007ff8634a0000 - 0x00007ff8634b5000 	C:\Windows\system32\wshbth.dll
0x00007ff853bc0000 - 0x00007ff853be7000 	C:\Windows\system32\nlansp_c.dll
0x00007ff864fb0000 - 0x00007ff864fb9000 	C:\Users\alexc\.jdks\openjdk-22\bin\extnet.dll
0x00007ff8685f0000 - 0x00007ff8685fb000 	C:\Users\alexc\.jdks\openjdk-22\bin\le.dll
0x00007ff867490000 - 0x00007ff86749e000 	C:\Users\alexc\.jdks\openjdk-22\bin\sunmscapi.dll
0x00007ff870750000 - 0x00007ff8708b8000 	C:\Windows\System32\CRYPT32.dll
0x00007ff870000000 - 0x00007ff87002e000 	C:\Windows\SYSTEM32\ncrypt.dll
0x00007ff86ffc0000 - 0x00007ff86fff7000 	C:\Windows\SYSTEM32\NTASN1.dll
0x00007ff842660000 - 0x00007ff842670000 	C:\Users\alexc\.jdks\openjdk-22\bin\verify.dll

dbghelp: loaded successfully - version: 4.0.5 - missing functions: none
symbol engine: initialized successfully - sym options: 0x614 - pdb path: .;C:\Users\alexc\.jdks\openjdk-22\bin;C:\Windows\SYSTEM32;C:\Windows\WinSxS\amd64_microsoft.windows.common-controls_6595b64144ccf1df_6.0.22621.3527_none_270e469b73872a76;C:\Users\alexc\.jdks\openjdk-22\bin\server

VM Arguments:
jvm_args: -agentlib:jdwp=transport=dt_socket,address=127.0.0.1:50781,suspend=y,server=n -XX:TieredStopAtLevel=1 -Dspring.output.ansi.enabled=always -Dcom.sun.management.jmxremote -Dspring.jmx.enabled=true -Dspring.liveBeansView.mbeanDomain -Dspring.application.admin.enabled=true -Dmanagement.endpoints.jmx.exposure.include=* -javaagent:C:\Users\alexc\AppData\Local\JetBrains\IntelliJIdea2024.1\captureAgent\debugger-agent.jar -Dfile.encoding=UTF-8 -Dsun.stdout.encoding=UTF-8 -Dsun.stderr.encoding=UTF-8 
java_command: com.example.msinstructor.MsInstructorApplication
java_class_path (initial): C:\Users\alexc\Pictures\GymMS\C1-G5-GymMS\ms-instructor\target\classes;C:\Users\alexc\.m2\repository\org\springframework\boot\spring-boot-starter-data-jpa\3.1.4\spring-boot-starter-data-jpa-3.1.4.jar;C:\Users\alexc\.m2\repository\org\springframework\boot\spring-boot-starter-aop\3.1.4\spring-boot-starter-aop-3.1.4.jar;C:\Users\alexc\.m2\repository\org\springframework\spring-aop\6.0.12\spring-aop-6.0.12.jar;C:\Users\alexc\.m2\repository\org\aspectj\aspectjweaver\1.9.20\aspectjweaver-1.9.20.jar;C:\Users\alexc\.m2\repository\org\springframework\boot\spring-boot-starter-jdbc\3.1.4\spring-boot-starter-jdbc-3.1.4.jar;C:\Users\alexc\.m2\repository\com\zaxxer\HikariCP\5.0.1\HikariCP-5.0.1.jar;C:\Users\alexc\.m2\repository\org\springframework\spring-jdbc\6.0.12\spring-jdbc-6.0.12.jar;C:\Users\alexc\.m2\repository\org\hibernate\orm\hibernate-core\6.2.9.Final\hibernate-core-6.2.9.Final.jar;C:\Users\alexc\.m2\repository\jakarta\persistence\jakarta.persistence-api\3.1.0\jakarta.persistence-api-3.1.0.jar;C:\Users\alexc\.m2\repository\jakarta\transaction\jakarta.transaction-api\2.0.1\jakarta.transaction-api-2.0.1.jar;C:\Users\alexc\.m2\repository\org\jboss\logging\jboss-logging\3.5.3.Final\jboss-logging-3.5.3.Final.jar;C:\Users\alexc\.m2\repository\org\hibernate\common\hibernate-commons-annotations\6.0.6.Final\hibernate-commons-annotations-6.0.6.Final.jar;C:\Users\alexc\.m2\repository\io\smallrye\jandex\3.0.5\jandex-3.0.5.jar;C:\Users\alexc\.m2\repository\com\fasterxml\classmate\1.5.1\classmate-1.5.1.jar;C:\Users\alexc\.m2\repository\net\bytebuddy\byte-buddy\1.14.8\byte-buddy-1.14.8.jar;C:\Users\alexc\.m2\repository\org\glassfish\jaxb\jaxb-runtime\4.0.3\jaxb-runtime-4.0.3.jar;C:\Users\alexc\.m2\repository\org\glassfish\jaxb\jaxb-core\4.0.3\jaxb-core-4.0.3.jar;C:\Users\alexc\.m2\repository\org\eclipse\angus\angus-activation\2.0.1\angus-activation-2.0.1.jar;C:\Users\alexc\.m2\repository\org\glassfish\jaxb\txw2\4.0.3\txw2-4.0.3.jar;C:\Users\alexc\.m2\repository\com\sun\istack\istack-commons-runtime\4.1.2\istack-commons-runtime-4.1.2.jar;C:\Users\alexc\.m2\repository\jakarta\inject\jakarta.inject-api\2.0.1\jakarta.inject-api-2.0.1.jar;C:\Users\alexc\.m2\repository\org\antlr\antlr4-runtime\4.10.1\antlr4-runtime-4.10.1.jar;C:\Users\alexc\.m2\repository\org\springframework\data\spring-data-jpa\3.1.4\spring-data-jpa-3.1.4.jar;C:\Users\alexc\.m2\repository\org\springframework\data\spring-data-commons\3.1.4\spring-data-commons-3.1.4.jar;C:\Users\alexc\.m2\repository\org\springframework\spring-orm\6.0.12\spring-orm-6.0.12.jar;C:\Users\alexc\.m2\repository\org\springframework\spring-context\6.0.12\spring-context-6.0.12.jar;C:\Users\alexc\.m2\repository\org\springframework\spring-tx\6.0.12\spring-tx-6.0.12.jar;C:\Users\alexc\.m2\repository\org\springframework\spring-beans\6.0.12\spring-beans-6.0.12.jar;C:\Users\alexc\.m2\repository\jakarta\annotation\jakarta.annotation-api\2.1.1\jakarta.annotation-api-2.1.1.jar;C:\Users\alexc\.m2\repository\org\slf4j\slf4j-api\2.0.9\slf4j-api-2.0.9.jar;C:\Users\alexc\.m2\repository\org\springframework\spring-aspects\6.0.12\spring-aspects-6.0.12.jar;C:\Users\alexc\.m2\repository\org\springframework\boot\spring-boot-starter-web\3.1.4\spring-boot-starter-web-3.1.4.jar;C:\Users\alexc\.m2\repository\org\springframework\boot\spring-boot-starter\3.1.4\spring-boot-starter-3.1.4.jar;C:\Users\alexc\.m2\repository\org\springframework\boot\spring-boot\3.1.4\spring-boot-3.1.4.jar;C:\Users\alexc\.m2\repository\org\springframework\boot\spring-boot-autoconfigure\3.1.4\spring-boot-autoconfigure-3.1.4.jar;C:\Users\alexc\.m2\repository\org\springframework\boot\spring-boot-starter-logging\3.1.4\spring-boot-starter-logging-3.1.4.jar;C:\Users\alexc\.m2\repository\ch\qos\logback\logback-classic\1.4.11\logback-classic-1.4.11.jar;C:\Users\alexc\.m2\repository\ch\qos\logback\logback-core\1.4.11\logback-core-1.4.11.jar;C:\Users\alexc\.m2\repository\org\apache\logging\log4j\log4j-to-slf4j\2.20.0\log4j-to-slf4j-2.20.0.jar;C:\Users\alexc\.m2\repository\org\apache\logging\log4j\log4j-api\2.20.0\log4j-api-2.20.0.jar;C:\Users\alexc\.m2\repository\org\slf4j\jul-to-slf4j\2.0.9\jul-to-slf4j-2.0.9.jar;C:\Users\alexc\.m2\repository\org\yaml\snakeyaml\1.33\snakeyaml-1.33.jar;C:\Users\alexc\.m2\repository\org\springframework\boot\spring-boot-starter-json\3.1.4\spring-boot-starter-json-3.1.4.jar;C:\Users\alexc\.m2\repository\com\fasterxml\jackson\datatype\jackson-datatype-jdk8\2.15.2\jackson-datatype-jdk8-2.15.2.jar;C:\Users\alexc\.m2\repository\com\fasterxml\jackson\datatype\jackson-datatype-jsr310\2.15.2\jackson-datatype-jsr310-2.15.2.jar;C:\Users\alexc\.m2\repository\com\fasterxml\jackson\module\jackson-module-parameter-names\2.15.2\jackson-module-parameter-names-2.15.2.jar;C:\Users\alexc\.m2\repository\org\springframework\boot\spring-boot-starter-tomcat\3.1.4\spring-boot-starter-tomcat-3.1.4.jar;C:\Users\alexc\.m2\repository\org\apache\tomcat\embed\tomcat-embed-core\10.1.13\tomcat-embed-core-10.1.13.jar;C:\Users\alexc\.m2\repository\org\apache\tomcat\embed\tomcat-embed-websocket\10.1.13\tomcat-embed-websocket-10.1.13.jar;C:\Users\alexc\.m2\repository\org\springframework\spring-web\6.0.12\spring-web-6.0.12.jar;C:\Users\alexc\.m2\repository\io\micrometer\micrometer-observation\1.11.4\micrometer-observation-1.11.4.jar;C:\Users\alexc\.m2\repository\io\micrometer\micrometer-commons\1.11.4\micrometer-commons-1.11.4.jar;C:\Users\alexc\.m2\repository\org\springframework\spring-webmvc\6.0.12\spring-webmvc-6.0.12.jar;C:\Users\alexc\.m2\repository\org\springframework\spring-expression\6.0.12\spring-expression-6.0.12.jar;C:\Users\alexc\.m2\repository\com\mysql\mysql-connector-j\8.0.33\mysql-connector-j-8.0.33.jar;C:\Users\alexc\.m2\repository\org\projectlombok\lombok\1.18.30\lombok-1.18.30.jar;C:\Users\alexc\.m2\repository\jakarta\xml\bind\jakarta.xml.bind-api\4.0.1\jakarta.xml.bind-api-4.0.1.jar;C:\Users\alexc\.m2\repository\jakarta\activation\jakarta.activation-api\2.1.2\jakarta.activation-api-2.1.2.jar;C:\Users\alexc\.m2\repository\org\springframework\spring-core\6.0.12\spring-core-6.0.12.jar;C:\Users\alexc\.m2\repository\org\springframework\spring-jcl\6.0.12\spring-jcl-6.0.12.jar;C:\Users\alexc\.m2\repository\org\springdoc\springdoc-openapi-starter-webmvc-ui\2.0.2\springdoc-openapi-starter-webmvc-ui-2.0.2.jar;C:\Users\alexc\.m2\repository\org\springdoc\springdoc-openapi-starter-webmvc-api\2.0.2\springdoc-openapi-starter-webmvc-api-2.0.2.jar;C:\Users\alexc\.m2\repository\org\springdoc\springdoc-openapi-starter-common\2.0.2\springdoc-openapi-starter-common-2.0.2.jar;C:\Users\alexc\.m2\repository\io\swagger\core\v3\swagger-core-jakarta\2.2.7\swagger-core-jakarta-2.2.7.jar;C:\Users\alexc\.m2\repository\org\apache\commons\commons-lang3\3.12.0\commons-lang3-3.12.0.jar;C:\Users\alexc\.m2\repository\io\swagger\core\v3\swagger-annotations-jakarta\2.2.7\swagger-annotations-jakarta-2.2.7.jar;C:\Users\alexc\.m2\repository\io\swagger\core\v3\swagger-models-jakarta\2.2.7\swagger-models-jakarta-2.2.7.jar;C:\Users\alexc\.m2\repository\com\fasterxml\jackson\dataformat\jackson-dataformat-yaml\2.15.2\jackson-dataformat-yaml-2.15.2.jar;C:\Users\alexc\.m2\repository\org\webjars\swagger-ui\4.15.5\swagger-ui-4.15.5.jar;C:\Users\alexc\.m2\repository\org\webjars\webjars-locator-core\0.52\webjars-locator-core-0.52.jar;C:\Users\alexc\.m2\repository\io\github\classgraph\classgraph\4.8.149\classgraph-4.8.149.jar;C:\Users\alexc\.m2\repository\org\springframework\boot\spring-boot-starter-validation\3.1.4\spring-boot-starter-validation-3.1.4.jar;C:\Users\alexc\.m2\repository\org\apache\tomcat\embed\tomcat-embed-el\10.1.13\tomcat-embed-el-10.1.13.jar;C:\Users\alexc\.m2\repository\org\hibernate\validator\hibernate-validator\8.0.1.Final\hibernate-validator-8.0.1.Final.jar;C:\Users\alexc\.m2\repository\jakarta\validation\jakarta.validation-api\3.0.2\jakarta.validation-api-3.0.2.jar;C:\Users\alexc\.m2\repository\org\springframework\cloud\spring-cloud-starter-config\4.0.4\spring-cloud-starter-config-4.0.4.jar;C:\Users\alexc\.m2\repository\org\springframework\cloud\spring-cloud-starter\4.0.2\spring-cloud-starter-4.0.2.jar;C:\Users\alexc\.m2\repository\org\springframework\cloud\spring-cloud-context\4.0.2\spring-cloud-context-4.0.2.jar;C:\Users\alexc\.m2\repository\org\springframework\security\spring-security-crypto\6.1.4\spring-security-crypto-6.1.4.jar;C:\Users\alexc\.m2\repository\org\springframework\cloud\spring-cloud-commons\4.0.2\spring-cloud-commons-4.0.2.jar;C:\Users\alexc\.m2\repository\org\springframework\security\spring-security-rsa\1.0.11.RELEASE\spring-security-rsa-1.0.11.RELEASE.jar;C:\Users\alexc\.m2\repository\org\bouncycastle\bcpkix-jdk15on\1.69\bcpkix-jdk15on-1.69.jar;C:\Users\alexc\.m2\repository\org\bouncycastle\bcprov-jdk15on\1.69\bcprov-jdk15on-1.69.jar;C:\Users\alexc\.m2\repository\org\bouncycastle\bcutil-jdk15on\1.69\bcutil-jdk15on-1.69.jar;C:\Users\alexc\.m2\repository\org\springframework\cloud\spring-cloud-config-client\4.0.2\spring-cloud-config-client-4.0.2.jar;C:\Users\alexc\.m2\repository\com\fasterxml\jackson\core\jackson-annotations\2.15.2\jackson-annotations-2.15.2.jar;C:\Users\alexc\.m2\repository\org\apache\httpcomponents\client5\httpclient5\5.2.1\httpclient5-5.2.1.jar;C:\Users\alexc\.m2\repository\org\apache\httpcomponents\core5\httpcore5\5.2.2\httpcore5-5.2.2.jar;C:\Users\alexc\.m2\repository\org\apache\httpcomponents\core5\httpcore5-h2\5.2.2\httpcore5-h2-5.2.2.jar;C:\Users\alexc\.m2\repository\com\fasterxml\jackson\core\jackson-databind\2.15.2\jackson-databind-2.15.2.jar;C:\Users\alexc\.m2\repository\com\fasterxml\jackson\core\jackson-core\2.15.2\jackson-core-2.15.2.jar;C:\Users\alexc\.m2\repository\org\springframework\cloud\spring-cloud-starter-netflix-eureka-client\4.0.3\spring-cloud-starter-netflix-eureka-client-4.0.3.jar;C:\Users\alexc\.m2\repository\org\springframework\cloud\spring-cloud-netflix-eureka-client\4.0.1\spring-cloud-netflix-eureka-client-4.0.1.jar;C:\Users\alexc\.m2\repository\com\netflix\eureka\eureka-client\2.0.0\eureka-client-2.0.0.jar;C:\Users\alexc\.m2\repository\com\netflix\netflix-commons\netflix-eventbus\0.3.0\netflix-eventbus-0.3.0.jar;C:\Users\alexc\.m2\repository\com\netflix\netflix-commons\netflix-infix\0.3.0\netflix-infix-0.3.0.jar;C:\Users\alexc\.m2\repository\commons-jxpath\commons-jxpath\1.3\commons-jxpath-1.3.jar;C:\Users\alexc\.m2\repository\joda-time\joda-time\2.3\joda-time-2.3.jar;C:\Users\alexc\.m2\repository\org\antlr\antlr-runtime\3.4\antlr-runtime-3.4.jar;C:\Users\alexc\.m2\repository\org\antlr\stringtemplate\3.2.1\stringtemplate-3.2.1.jar;C:\Users\alexc\.m2\repository\antlr\antlr\2.7.7\antlr-2.7.7.jar;C:\Users\alexc\.m2\repository\com\google\code\gson\gson\2.10.1\gson-2.10.1.jar;C:\Users\alexc\.m2\repository\org\apache\commons\commons-math\2.2\commons-math-2.2.jar;C:\Users\alexc\.m2\repository\com\thoughtworks\xstream\xstream\1.4.19\xstream-1.4.19.jar;C:\Users\alexc\.m2\repository\io\github\x-stream\mxparser\1.2.2\mxparser-1.2.2.jar;C:\Users\alexc\.m2\repository\xmlpull\xmlpull\1.1.3.1\xmlpull-1.1.3.1.jar;C:\Users\alexc\.m2\repository\jakarta\ws\rs\jakarta.ws.rs-api\3.1.0\jakarta.ws.rs-api-3.1.0.jar;C:\Users\alexc\.m2\repository\com\netflix\servo\servo-core\0.12.21\servo-core-0.12.21.jar;C:\Users\alexc\.m2\repository\com\google\guava\guava\19.0\guava-19.0.jar;C:\Users\alexc\.m2\repository\org\apache\httpcomponents\httpclient\4.5.3\httpclient-4.5.3.jar;C:\Users\alexc\.m2\repository\org\apache\httpcomponents\httpcore\4.4.16\httpcore-4.4.16.jar;C:\Users\alexc\.m2\repository\commons-codec\commons-codec\1.15\commons-codec-1.15.jar;C:\Users\alexc\.m2\repository\commons-configuration\commons-configuration\1.10\commons-configuration-1.10.jar;C:\Users\alexc\.m2\repository\commons-lang\commons-lang\2.6\commons-lang-2.6.jar;C:\Users\alexc\.m2\repository\org\codehaus\jettison\jettison\1.4.0\jettison-1.4.0.jar;C:\Users\alexc\.m2\repository\com\netflix\eureka\eureka-core\2.0.0\eureka-core-2.0.0.jar;C:\Users\alexc\.m2\repository\jakarta\servlet\jakarta.servlet-api\6.0.0\jakarta.servlet-api-6.0.0.jar;C:\Users\alexc\.m2\repository\com\fasterxml\woodstox\woodstox-core\6.2.1\woodstox-core-6.2.1.jar;C:\Users\alexc\.m2\repository\org\codehaus\woodstox\stax2-api\4.2.1\stax2-api-4.2.1.jar;C:\Users\alexc\.m2\repository\org\springframework\cloud\spring-cloud-starter-loadbalancer\4.0.2\spring-cloud-starter-loadbalancer-4.0.2.jar;C:\Users\alexc\.m2\repository\org\springframework\cloud\spring-cloud-loadbalancer\4.0.2\spring-cloud-loadbalancer-4.0.2.jar;C:\Users\alexc\.m2\repository\io\projectreactor\reactor-core\3.5.10\reactor-core-3.5.10.jar;C:\Users\alexc\.m2\repository\org\reactivestreams\reactive-streams\1.0.4\reactive-streams-1.0.4.jar;C:\Users\alexc\.m2\repository\io\projectreactor\addons\reactor-extra\3.5.1\reactor-extra-3.5.1.jar;C:\Users\alexc\.m2\repository\org\springframework\boot\spring-boot-starter-cache\3.1.4\spring-boot-starter-cache-3.1.4.jar;C:\Users\alexc\.m2\repository\org\springframework\spring-context-support\6.0.12\spring-context-support-6.0.12.jar;C:\Users\alexc\.m2\repository\com\stoyanr\evictor\1.0.0\evictor-1.0.0.jar;D:\IntelliJ IDEA 2024.1\lib\idea_rt.jar
Launcher Type: SUN_STANDARD

[Global flags]
     intx CICompilerCount                          = 4                                         {product} {ergonomic}
     uint ConcGCThreads                            = 2                                         {product} {ergonomic}
     uint G1ConcRefinementThreads                  = 8                                         {product} {ergonomic}
   size_t G1HeapRegionSize                         = 1048576                                   {product} {ergonomic}
   size_t InitialHeapSize                          = 132120576                                 {product} {ergonomic}
     bool ManagementServer                         = true                                      {product} {command line}
   size_t MarkStackSize                            = 4194304                                   {product} {ergonomic}
   size_t MaxHeapSize                              = 2090860544                                {product} {ergonomic}
   size_t MaxNewSize                               = 1254096896                                {product} {ergonomic}
   size_t MinHeapDeltaBytes                        = 1048576                                   {product} {ergonomic}
   size_t MinHeapSize                              = 8388608                                   {product} {ergonomic}
    uintx NonNMethodCodeHeapSize                   = 4096                                   {pd product} {ergonomic}
    uintx NonProfiledCodeHeapSize                  = 0                                      {pd product} {ergonomic}
     bool ProfileInterpreter                       = false                                  {pd product} {command line}
    uintx ProfiledCodeHeapSize                     = 0                                      {pd product} {ergonomic}
   size_t SoftMaxHeapSize                          = 2090860544                             {manageable} {ergonomic}
     intx TieredStopAtLevel                        = 1                                         {product} {command line}
     bool UseCompressedOops                        = true                           {product lp64_product} {ergonomic}
     bool UseG1GC                                  = true                                      {product} {ergonomic}
     bool UseLargePagesIndividualAllocation        = false                                  {pd product} {ergonomic}

Logging:
Log output configuration:
 #0: stdout all=warning uptime,level,tags foldmultilines=false
 #1: stderr all=off uptime,level,tags foldmultilines=false

Environment Variables:
JAVA_HOME=C:\Program Files\Eclipse Adoptium\jdk-21.0.1.12-hotspot\
CLASSPATH=D:\LINGO64_21\Lingo21.jar
PATH=C:\Program Files\Eclipse Adoptium\jdk-21.0.1.12-hotspot\bin;C:\app\alexc\product\21c\dbhomeXE\bin;C:\Program Files (x86)\Common Files\Oracle\Java\javapath;C:\Windows\system32;C:\Windows;C:\Windows\System32\Wbem;C:\Windows\System32\WindowsPowerShell\v1.0\;C:\Windows\System32\OpenSSH\;C:\Program Files\nodejs\;C:\Program Files\Git\cmd;C:\xampp\php;C:\composer;C:\Program Files (x86)\Microchip\MPLAB C32 Suite\bin;D:\LINGO64_21\;C:\Users\alexc\AppData\Local\Microsoft\WindowsApps;C:\Users\alexc\AppData\Local\Programs\Microsoft VS Code\bin;C:\Users\alexc\AppData\Roaming\npm;C:\Users\alexc\AppData\Roaming\Composer\vendor\bin;C:\Users\alexc\AppData\Local\GitHubDesktop\bin
USERNAME=alexc
OS=Windows_NT
PROCESSOR_IDENTIFIER=Intel64 Family 6 Model 140 Stepping 1, GenuineIntel
TMP=C:\Users\alexc\AppData\Local\Temp
TEMP=C:\Users\alexc\AppData\Local\Temp




Periodic native trim disabled

---------------  S Y S T E M  ---------------

OS:
 Windows 11 , 64 bit Build 22621 (10.0.22621.3527)
OS uptime: 13 days 2:00 hours

CPU: total 8 (initial active 8) (4 cores per cpu, 2 threads per core) family 6 model 140 stepping 1 microcode 0x8a, cx8, cmov, fxsr, ht, mmx, 3dnowpref, sse, sse2, sse3, ssse3, sse4.1, sse4.2, popcnt, lzcnt, tsc, tscinvbit, avx, avx2, aes, erms, clmul, bmi1, bmi2, adx, avx512f, avx512dq, avx512cd, avx512bw, avx512vl, sha, fma, vzeroupper, avx512_vpopcntdq, avx512_vpclmulqdq, avx512_vaes, avx512_vnni, clflush, clflushopt, clwb, avx512_vbmi2, avx512_vbmi, rdtscp, rdpid, fsrm, gfni, avx512_bitalg, f16c, pku, cet_ibt, cet_ss, avx512_ifma
Processor Information for processor 0
  Max Mhz: 2419, Current Mhz: 2419, Mhz Limit: 2419
Processor Information for processor 1
  Max Mhz: 2419, Current Mhz: 2419, Mhz Limit: 2419
Processor Information for processor 2
  Max Mhz: 2419, Current Mhz: 1209, Mhz Limit: 2419
Processor Information for processor 3
  Max Mhz: 2419, Current Mhz: 2419, Mhz Limit: 2419
Processor Information for processor 4
  Max Mhz: 2419, Current Mhz: 2419, Mhz Limit: 2419
Processor Information for processor 5
  Max Mhz: 2419, Current Mhz: 2419, Mhz Limit: 2419
Processor Information for processor 6
  Max Mhz: 2419, Current Mhz: 2419, Mhz Limit: 2419
Processor Information for processor 7
  Max Mhz: 2419, Current Mhz: 1209, Mhz Limit: 2419

Memory: 4k page, system-wide physical 7975M (291M free)
TotalPageFile size 25905M (AvailPageFile size 2M)
current process WorkingSet (physical memory assigned to process): 254M, peak: 254M
current process commit charge ("private bytes"): 295M, peak: 299M

vm_info: OpenJDK 64-Bit Server VM (22+36-2370) for windows-amd64 JRE (22+36-2370), built on 2024-02-15T22:15:19Z by "mach5one" with MS VC++ 17.6 (VS2022)

END.
